<?xml version="1.0" encoding="UTF-8" ?>
<testsuite failures="0" time="1.465" errors="12" skipped="0" tests="12" name="com.lendingclub.rest.LendingClubRestIntegrationTest">
  <properties>
[...]
</properties>
  <testcase time="0.998" classname="com.lendingclub.rest.LendingClubRestIntegrationTest" name="testGetSummary">
    <error message="java.io.IOException: Stream closed" type="java.lang.RuntimeException">java.lang.RuntimeException: java.io.IOException: Stream closed
	at com.lendingclub.http.Http.send(Http.java:70)
	at com.lendingclub.rest.LendingClubApi.apiRequest(LendingClubApi.java:173)
	at com.lendingclub.rest.LendingClubApi.getSummary(LendingClubApi.java:86)
	at com.lendingclub.rest.LendingClubRestIntegrationTest.testGetSummary(LendingClubRestIntegrationTest.java:35)
	at sun.reflect.NativeMethodAccessorImpl.invoke0(Native Method)
	at sun.reflect.NativeMethodAccessorImpl.invoke(NativeMethodAccessorImpl.java:57)
	at sun.reflect.DelegatingMethodAccessorImpl.invoke(DelegatingMethodAccessorImpl.java:43)
	at java.lang.reflect.Method.invoke(Method.java:606)
	at org.junit.runners.model.FrameworkMethod$1.runReflectiveCall(FrameworkMethod.java:44)
	at org.junit.internal.runners.model.ReflectiveCallable.run(ReflectiveCallable.java:15)
	at org.junit.runners.model.FrameworkMethod.invokeExplosively(FrameworkMethod.java:41)
	at org.junit.internal.runners.statements.InvokeMethod.evaluate(InvokeMethod.java:20)
	at org.junit.internal.runners.statements.RunBefores.evaluate(RunBefores.java:28)
	at org.junit.runners.BlockJUnit4ClassRunner.runChild(BlockJUnit4ClassRunner.java:76)
	at org.junit.runners.BlockJUnit4ClassRunner.runChild(BlockJUnit4ClassRunner.java:50)
	at org.junit.runners.ParentRunner$3.run(ParentRunner.java:193)
	at org.junit.runners.ParentRunner$1.schedule(ParentRunner.java:52)
	at org.junit.runners.ParentRunner.runChildren(ParentRunner.java:191)
	at org.junit.runners.ParentRunner.access$000(ParentRunner.java:42)
	at org.junit.runners.ParentRunner$2.evaluate(ParentRunner.java:184)
	at org.junit.runners.ParentRunner.run(ParentRunner.java:236)
	at org.apache.maven.surefire.junit4.JUnit4Provider.execute(JUnit4Provider.java:252)
	at org.apache.maven.surefire.junit4.JUnit4Provider.executeTestSet(JUnit4Provider.java:141)
	at org.apache.maven.surefire.junit4.JUnit4Provider.invoke(JUnit4Provider.java:112)
	at sun.reflect.NativeMethodAccessorImpl.invoke0(Native Method)
	at sun.reflect.NativeMethodAccessorImpl.invoke(NativeMethodAccessorImpl.java:57)
	at sun.reflect.DelegatingMethodAccessorImpl.invoke(DelegatingMethodAccessorImpl.java:43)
	at java.lang.reflect.Method.invoke(Method.java:606)
	at org.apache.maven.surefire.util.ReflectionUtils.invokeMethodWithArray(ReflectionUtils.java:189)
	at org.apache.maven.surefire.booter.ProviderFactory$ProviderProxy.invoke(ProviderFactory.java:165)
	at org.apache.maven.surefire.booter.ProviderFactory.invokeProvider(ProviderFactory.java:85)
	at org.apache.maven.surefire.booter.ForkedBooter.runSuitesInProcess(ForkedBooter.java:115)
	at org.apache.maven.surefire.booter.ForkedBooter.main(ForkedBooter.java:75)
Caused by: java.io.IOException: Stream closed
	at java.io.BufferedInputStream.getInIfOpen(BufferedInputStream.java:151)
	at java.io.BufferedInputStream.read1(BufferedInputStream.java:273)
	at java.io.BufferedInputStream.read(BufferedInputStream.java:334)
	at java.io.FilterInputStream.read(FilterInputStream.java:107)
	at com.lendingclub.http.Http.readResponse(Http.java:16)
	at com.lendingclub.http.Http.send(Http.java:63)
	... 32 more
</error>
    <system-out>Bad response code: 401 on request:
GET https://api.lendingclub.com/api/investor/v1/accounts/null/summary
Accept: application/json

</system-out>
  </testcase>
  <testcase time="0.035" classname="com.lendingclub.rest.LendingClubRestIntegrationTest" name="testGetPortfolioOwned">
    <error message="java.io.IOException: Stream closed" type="java.lang.RuntimeException">java.lang.RuntimeException: java.io.IOException: Stream closed
	at com.lendingclub.http.Http.send(Http.java:70)
	at com.lendingclub.rest.LendingClubApi.apiRequest(LendingClubApi.java:173)
	at com.lendingclub.rest.LendingClubApi.getPortfoliosOwned(LendingClubApi.java:114)
	at com.lendingclub.rest.LendingClubRestIntegrationTest.testGetPortfolioOwned(LendingClubRestIntegrationTest.java:85)
	at sun.reflect.NativeMethodAccessorImpl.invoke0(Native Method)
	at sun.reflect.NativeMethodAccessorImpl.invoke(NativeMethodAccessorImpl.java:57)
	at sun.reflect.DelegatingMethodAccessorImpl.invoke(DelegatingMethodAccessorImpl.java:43)
	at java.lang.reflect.Method.invoke(Method.java:606)
	at org.junit.runners.model.FrameworkMethod$1.runReflectiveCall(FrameworkMethod.java:44)
	at org.junit.internal.runners.model.ReflectiveCallable.run(ReflectiveCallable.java:15)
	at org.junit.runners.model.FrameworkMethod.invokeExplosively(FrameworkMethod.java:41)
	at org.junit.internal.runners.statements.InvokeMethod.evaluate(InvokeMethod.java:20)
	at org.junit.internal.runners.statements.RunBefores.evaluate(RunBefores.java:28)
	at org.junit.runners.BlockJUnit4ClassRunner.runChild(BlockJUnit4ClassRunner.java:76)
	at org.junit.runners.BlockJUnit4ClassRunner.runChild(BlockJUnit4ClassRunner.java:50)
	at org.junit.runners.ParentRunner$3.run(ParentRunner.java:193)
	at org.junit.runners.ParentRunner$1.schedule(ParentRunner.java:52)
	at org.junit.runners.ParentRunner.runChildren(ParentRunner.java:191)
	at org.junit.runners.ParentRunner.access$000(ParentRunner.java:42)
	at org.junit.runners.ParentRunner$2.evaluate(ParentRunner.java:184)
	at org.junit.runners.ParentRunner.run(ParentRunner.java:236)
	at org.apache.maven.surefire.junit4.JUnit4Provider.execute(JUnit4Provider.java:252)
	at org.apache.maven.surefire.junit4.JUnit4Provider.executeTestSet(JUnit4Provider.java:141)
	at org.apache.maven.surefire.junit4.JUnit4Provider.invoke(JUnit4Provider.java:112)
	at sun.reflect.NativeMethodAccessorImpl.invoke0(Native Method)
	at sun.reflect.NativeMethodAccessorImpl.invoke(NativeMethodAccessorImpl.java:57)
	at sun.reflect.DelegatingMethodAccessorImpl.invoke(DelegatingMethodAccessorImpl.java:43)
	at java.lang.reflect.Method.invoke(Method.java:606)
	at org.apache.maven.surefire.util.ReflectionUtils.invokeMethodWithArray(ReflectionUtils.java:189)
	at org.apache.maven.surefire.booter.ProviderFactory$ProviderProxy.invoke(ProviderFactory.java:165)
	at org.apache.maven.surefire.booter.ProviderFactory.invokeProvider(ProviderFactory.java:85)
	at org.apache.maven.surefire.booter.ForkedBooter.runSuitesInProcess(ForkedBooter.java:115)
	at org.apache.maven.surefire.booter.ForkedBooter.main(ForkedBooter.java:75)
Caused by: java.io.IOException: Stream closed
	at java.io.BufferedInputStream.getInIfOpen(BufferedInputStream.java:151)
	at java.io.BufferedInputStream.read1(BufferedInputStream.java:273)
	at java.io.BufferedInputStream.read(BufferedInputStream.java:334)
	at java.io.FilterInputStream.read(FilterInputStream.java:107)
	at com.lendingclub.http.Http.readResponse(Http.java:16)
	at com.lendingclub.http.Http.send(Http.java:63)
	... 32 more
</error>
    <system-out>Bad response code: 401 on request:
GET https://api.lendingclub.com/api/investor/v1/accounts/null/portfolios
Accept: application/json

</system-out>
  </testcase>
  <testcase time="0.028" classname="com.lendingclub.rest.LendingClubRestIntegrationTest" name="testGetListedLoans">
    <error message="java.io.IOException: Stream closed" type="java.lang.RuntimeException">java.lang.RuntimeException: java.io.IOException: Stream closed
	at com.lendingclub.http.Http.send(Http.java:70)
	at com.lendingclub.rest.LendingClubApi.apiRequest(LendingClubApi.java:173)
	at com.lendingclub.rest.LendingClubApi.getListedLoans(LendingClubApi.java:121)
	at com.lendingclub.rest.LendingClubRestIntegrationTest.testGetListedLoans(LendingClubRestIntegrationTest.java:95)
	at sun.reflect.NativeMethodAccessorImpl.invoke0(Native Method)
	at sun.reflect.NativeMethodAccessorImpl.invoke(NativeMethodAccessorImpl.java:57)
	at sun.reflect.DelegatingMethodAccessorImpl.invoke(DelegatingMethodAccessorImpl.java:43)
	at java.lang.reflect.Method.invoke(Method.java:606)
	at org.junit.runners.model.FrameworkMethod$1.runReflectiveCall(FrameworkMethod.java:44)
	at org.junit.internal.runners.model.ReflectiveCallable.run(ReflectiveCallable.java:15)
	at org.junit.runners.model.FrameworkMethod.invokeExplosively(FrameworkMethod.java:41)
	at org.junit.internal.runners.statements.InvokeMethod.evaluate(InvokeMethod.java:20)
	at org.junit.internal.runners.statements.RunBefores.evaluate(RunBefores.java:28)
	at org.junit.runners.BlockJUnit4ClassRunner.runChild(BlockJUnit4ClassRunner.java:76)
	at org.junit.runners.BlockJUnit4ClassRunner.runChild(BlockJUnit4ClassRunner.java:50)
	at org.junit.runners.ParentRunner$3.run(ParentRunner.java:193)
	at org.junit.runners.ParentRunner$1.schedule(ParentRunner.java:52)
	at org.junit.runners.ParentRunner.runChildren(ParentRunner.java:191)
	at org.junit.runners.ParentRunner.access$000(ParentRunner.java:42)
	at org.junit.runners.ParentRunner$2.evaluate(ParentRunner.java:184)
	at org.junit.runners.ParentRunner.run(ParentRunner.java:236)
	at org.apache.maven.surefire.junit4.JUnit4Provider.execute(JUnit4Provider.java:252)
	at org.apache.maven.surefire.junit4.JUnit4Provider.executeTestSet(JUnit4Provider.java:141)
	at org.apache.maven.surefire.junit4.JUnit4Provider.invoke(JUnit4Provider.java:112)
	at sun.reflect.NativeMethodAccessorImpl.invoke0(Native Method)
	at sun.reflect.NativeMethodAccessorImpl.invoke(NativeMethodAccessorImpl.java:57)
	at sun.reflect.DelegatingMethodAccessorImpl.invoke(DelegatingMethodAccessorImpl.java:43)
	at java.lang.reflect.Method.invoke(Method.java:606)
	at org.apache.maven.surefire.util.ReflectionUtils.invokeMethodWithArray(ReflectionUtils.java:189)
	at org.apache.maven.surefire.booter.ProviderFactory$ProviderProxy.invoke(ProviderFactory.java:165)
	at org.apache.maven.surefire.booter.ProviderFactory.invokeProvider(ProviderFactory.java:85)
	at org.apache.maven.surefire.booter.ForkedBooter.runSuitesInProcess(ForkedBooter.java:115)
	at org.apache.maven.surefire.booter.ForkedBooter.main(ForkedBooter.java:75)
Caused by: java.io.IOException: Stream closed
	at java.io.BufferedInputStream.getInIfOpen(BufferedInputStream.java:151)
	at java.io.BufferedInputStream.read1(BufferedInputStream.java:273)
	at java.io.BufferedInputStream.read(BufferedInputStream.java:334)
	at java.io.FilterInputStream.read(FilterInputStream.java:107)
	at com.lendingclub.http.Http.readResponse(Http.java:16)
	at com.lendingclub.http.Http.send(Http.java:63)
	... 32 more
</error>
    <system-out>Bad response code: 401 on request:
GET https://api.lendingclub.com/api/investor/v1/loans/listing
Accept: application/json

</system-out>
  </testcase>
  <testcase time="0.1" classname="com.lendingclub.rest.LendingClubRestIntegrationTest" name="testCreatePortfolio">
    <error message="java.io.IOException: Stream closed" type="java.lang.RuntimeException">java.lang.RuntimeException: java.io.IOException: Stream closed
	at com.lendingclub.http.Http.send(Http.java:70)
	at com.lendingclub.rest.LendingClubApi.apiRequest(LendingClubApi.java:173)
	at com.lendingclub.rest.LendingClubApi.createPorfolio(LendingClubApi.java:129)
	at com.lendingclub.rest.LendingClubRestIntegrationTest.testCreatePortfolio(LendingClubRestIntegrationTest.java:173)
	at sun.reflect.NativeMethodAccessorImpl.invoke0(Native Method)
	at sun.reflect.NativeMethodAccessorImpl.invoke(NativeMethodAccessorImpl.java:57)
	at sun.reflect.DelegatingMethodAccessorImpl.invoke(DelegatingMethodAccessorImpl.java:43)
	at java.lang.reflect.Method.invoke(Method.java:606)
	at org.junit.runners.model.FrameworkMethod$1.runReflectiveCall(FrameworkMethod.java:44)
	at org.junit.internal.runners.model.ReflectiveCallable.run(ReflectiveCallable.java:15)
	at org.junit.runners.model.FrameworkMethod.invokeExplosively(FrameworkMethod.java:41)
	at org.junit.internal.runners.statements.InvokeMethod.evaluate(InvokeMethod.java:20)
	at org.junit.internal.runners.statements.RunBefores.evaluate(RunBefores.java:28)
	at org.junit.runners.BlockJUnit4ClassRunner.runChild(BlockJUnit4ClassRunner.java:76)
	at org.junit.runners.BlockJUnit4ClassRunner.runChild(BlockJUnit4ClassRunner.java:50)
	at org.junit.runners.ParentRunner$3.run(ParentRunner.java:193)
	at org.junit.runners.ParentRunner$1.schedule(ParentRunner.java:52)
	at org.junit.runners.ParentRunner.runChildren(ParentRunner.java:191)
	at org.junit.runners.ParentRunner.access$000(ParentRunner.java:42)
	at org.junit.runners.ParentRunner$2.evaluate(ParentRunner.java:184)
	at org.junit.runners.ParentRunner.run(ParentRunner.java:236)
	at org.apache.maven.surefire.junit4.JUnit4Provider.execute(JUnit4Provider.java:252)
	at org.apache.maven.surefire.junit4.JUnit4Provider.executeTestSet(JUnit4Provider.java:141)
	at org.apache.maven.surefire.junit4.JUnit4Provider.invoke(JUnit4Provider.java:112)
	at sun.reflect.NativeMethodAccessorImpl.invoke0(Native Method)
	at sun.reflect.NativeMethodAccessorImpl.invoke(NativeMethodAccessorImpl.java:57)
	at sun.reflect.DelegatingMethodAccessorImpl.invoke(DelegatingMethodAccessorImpl.java:43)
	at java.lang.reflect.Method.invoke(Method.java:606)
	at org.apache.maven.surefire.util.ReflectionUtils.invokeMethodWithArray(ReflectionUtils.java:189)
	at org.apache.maven.surefire.booter.ProviderFactory$ProviderProxy.invoke(ProviderFactory.java:165)
	at org.apache.maven.surefire.booter.ProviderFactory.invokeProvider(ProviderFactory.java:85)
	at org.apache.maven.surefire.booter.ForkedBooter.runSuitesInProcess(ForkedBooter.java:115)
	at org.apache.maven.surefire.booter.ForkedBooter.main(ForkedBooter.java:75)
Caused by: java.io.IOException: Stream closed
	at java.io.BufferedInputStream.getInIfOpen(BufferedInputStream.java:151)
	at java.io.BufferedInputStream.read1(BufferedInputStream.java:273)
	at java.io.BufferedInputStream.read(BufferedInputStream.java:334)
	at java.io.FilterInputStream.read(FilterInputStream.java:107)
	at com.lendingclub.http.Http.readResponse(Http.java:16)
	at com.lendingclub.http.Http.send(Http.java:63)
	... 32 more
</error>
    <system-out>Bad response code: 401 on request:
POST https://api.lendingclub.com/api/investor/v1/accounts/null/portfolios
Accept: application/json
Content-Type: application/json

{&quot;portfolioName&quot;:&quot;Test Portfolio&quot;,&quot;portfolioDescription&quot;:&quot;Test Portfolio&quot;}

</system-out>
  </testcase>
  <testcase time="0.004" classname="com.lendingclub.rest.LendingClubRestIntegrationTest" name="testSubmitOrder">
    <error type="java.lang.NumberFormatException:">java.lang.NumberFormatException: null
	at java.lang.Integer.parseInt(Integer.java:454)
	at java.lang.Integer.&lt;init&gt;(Integer.java:677)
	at com.lendingclub.rest.LendingClubRestIntegrationTest.testSubmitOrder(LendingClubRestIntegrationTest.java:185)
	at sun.reflect.NativeMethodAccessorImpl.invoke0(Native Method)
	at sun.reflect.NativeMethodAccessorImpl.invoke(NativeMethodAccessorImpl.java:57)
	at sun.reflect.DelegatingMethodAccessorImpl.invoke(DelegatingMethodAccessorImpl.java:43)
	at java.lang.reflect.Method.invoke(Method.java:606)
	at org.junit.runners.model.FrameworkMethod$1.runReflectiveCall(FrameworkMethod.java:44)
	at org.junit.internal.runners.model.ReflectiveCallable.run(ReflectiveCallable.java:15)
	at org.junit.runners.model.FrameworkMethod.invokeExplosively(FrameworkMethod.java:41)
	at org.junit.internal.runners.statements.InvokeMethod.evaluate(InvokeMethod.java:20)
	at org.junit.internal.runners.statements.RunBefores.evaluate(RunBefores.java:28)
	at org.junit.runners.BlockJUnit4ClassRunner.runChild(BlockJUnit4ClassRunner.java:76)
	at org.junit.runners.BlockJUnit4ClassRunner.runChild(BlockJUnit4ClassRunner.java:50)
	at org.junit.runners.ParentRunner$3.run(ParentRunner.java:193)
	at org.junit.runners.ParentRunner$1.schedule(ParentRunner.java:52)
	at org.junit.runners.ParentRunner.runChildren(ParentRunner.java:191)
	at org.junit.runners.ParentRunner.access$000(ParentRunner.java:42)
	at org.junit.runners.ParentRunner$2.evaluate(ParentRunner.java:184)
	at org.junit.runners.ParentRunner.run(ParentRunner.java:236)
	at org.apache.maven.surefire.junit4.JUnit4Provider.execute(JUnit4Provider.java:252)
	at org.apache.maven.surefire.junit4.JUnit4Provider.executeTestSet(JUnit4Provider.java:141)
	at org.apache.maven.surefire.junit4.JUnit4Provider.invoke(JUnit4Provider.java:112)
	at sun.reflect.NativeMethodAccessorImpl.invoke0(Native Method)
	at sun.reflect.NativeMethodAccessorImpl.invoke(NativeMethodAccessorImpl.java:57)
	at sun.reflect.DelegatingMethodAccessorImpl.invoke(DelegatingMethodAccessorImpl.java:43)
	at java.lang.reflect.Method.invoke(Method.java:606)
	at org.apache.maven.surefire.util.ReflectionUtils.invokeMethodWithArray(ReflectionUtils.java:189)
	at org.apache.maven.surefire.booter.ProviderFactory$ProviderProxy.invoke(ProviderFactory.java:165)
	at org.apache.maven.surefire.booter.ProviderFactory.invokeProvider(ProviderFactory.java:85)
	at org.apache.maven.surefire.booter.ForkedBooter.runSuitesInProcess(ForkedBooter.java:115)
	at org.apache.maven.surefire.booter.ForkedBooter.main(ForkedBooter.java:75)
</error>
  </testcase>
  <testcase time="0.075" classname="com.lendingclub.rest.LendingClubRestIntegrationTest" name="testAddFunds">
    <error message="java.io.IOException: Stream closed" type="java.lang.RuntimeException">java.lang.RuntimeException: java.io.IOException: Stream closed
	at com.lendingclub.http.Http.send(Http.java:70)
	at com.lendingclub.rest.LendingClubApi.apiRequest(LendingClubApi.java:173)
	at com.lendingclub.rest.LendingClubApi.addFunds(LendingClubApi.java:35)
	at com.lendingclub.rest.LendingClubRestIntegrationTest.testAddFunds(LendingClubRestIntegrationTest.java:212)
	at sun.reflect.NativeMethodAccessorImpl.invoke0(Native Method)
	at sun.reflect.NativeMethodAccessorImpl.invoke(NativeMethodAccessorImpl.java:57)
	at sun.reflect.DelegatingMethodAccessorImpl.invoke(DelegatingMethodAccessorImpl.java:43)
	at java.lang.reflect.Method.invoke(Method.java:606)
	at org.junit.runners.model.FrameworkMethod$1.runReflectiveCall(FrameworkMethod.java:44)
	at org.junit.internal.runners.model.ReflectiveCallable.run(ReflectiveCallable.java:15)
	at org.junit.runners.model.FrameworkMethod.invokeExplosively(FrameworkMethod.java:41)
	at org.junit.internal.runners.statements.InvokeMethod.evaluate(InvokeMethod.java:20)
	at org.junit.internal.runners.statements.RunBefores.evaluate(RunBefores.java:28)
	at org.junit.runners.BlockJUnit4ClassRunner.runChild(BlockJUnit4ClassRunner.java:76)
	at org.junit.runners.BlockJUnit4ClassRunner.runChild(BlockJUnit4ClassRunner.java:50)
	at org.junit.runners.ParentRunner$3.run(ParentRunner.java:193)
	at org.junit.runners.ParentRunner$1.schedule(ParentRunner.java:52)
	at org.junit.runners.ParentRunner.runChildren(ParentRunner.java:191)
	at org.junit.runners.ParentRunner.access$000(ParentRunner.java:42)
	at org.junit.runners.ParentRunner$2.evaluate(ParentRunner.java:184)
	at org.junit.runners.ParentRunner.run(ParentRunner.java:236)
	at org.apache.maven.surefire.junit4.JUnit4Provider.execute(JUnit4Provider.java:252)
	at org.apache.maven.surefire.junit4.JUnit4Provider.executeTestSet(JUnit4Provider.java:141)
	at org.apache.maven.surefire.junit4.JUnit4Provider.invoke(JUnit4Provider.java:112)
	at sun.reflect.NativeMethodAccessorImpl.invoke0(Native Method)
	at sun.reflect.NativeMethodAccessorImpl.invoke(NativeMethodAccessorImpl.java:57)
	at sun.reflect.DelegatingMethodAccessorImpl.invoke(DelegatingMethodAccessorImpl.java:43)
	at java.lang.reflect.Method.invoke(Method.java:606)
	at org.apache.maven.surefire.util.ReflectionUtils.invokeMethodWithArray(ReflectionUtils.java:189)
	at org.apache.maven.surefire.booter.ProviderFactory$ProviderProxy.invoke(ProviderFactory.java:165)
	at org.apache.maven.surefire.booter.ProviderFactory.invokeProvider(ProviderFactory.java:85)
	at org.apache.maven.surefire.booter.ForkedBooter.runSuitesInProcess(ForkedBooter.java:115)
	at org.apache.maven.surefire.booter.ForkedBooter.main(ForkedBooter.java:75)
Caused by: java.io.IOException: Stream closed
	at java.io.BufferedInputStream.getInIfOpen(BufferedInputStream.java:151)
	at java.io.BufferedInputStream.read1(BufferedInputStream.java:273)
	at java.io.BufferedInputStream.read(BufferedInputStream.java:334)
	at java.io.FilterInputStream.read(FilterInputStream.java:107)
	at com.lendingclub.http.Http.readResponse(Http.java:16)
	at com.lendingclub.http.Http.send(Http.java:63)
	... 32 more
</error>
    <system-out>Bad response code: 401 on request:
POST https://api.lendingclub.com/api/investor/v1/accounts/null/funds/add
Accept: application/json
Content-Type: application/json

{&quot;amount&quot;:100,&quot;transferFrequency&quot;:&quot;LOAD_BIWEEKLY&quot;,&quot;startDate&quot;:1438145096653,&quot;endDate&quot;:1442465096653,&quot;estimatedFundsTransferDate&quot;:1438145096653}

</system-out>
  </testcase>
  <testcase time="0.031" classname="com.lendingclub.rest.LendingClubRestIntegrationTest" name="testWithDrawFunds">
    <error message="java.io.IOException: Stream closed" type="java.lang.RuntimeException">java.lang.RuntimeException: java.io.IOException: Stream closed
	at com.lendingclub.http.Http.send(Http.java:70)
	at com.lendingclub.rest.LendingClubApi.apiRequest(LendingClubApi.java:173)
	at com.lendingclub.rest.LendingClubApi.withDrawFunds(LendingClubApi.java:50)
	at com.lendingclub.rest.LendingClubRestIntegrationTest.testWithDrawFunds(LendingClubRestIntegrationTest.java:227)
	at sun.reflect.NativeMethodAccessorImpl.invoke0(Native Method)
	at sun.reflect.NativeMethodAccessorImpl.invoke(NativeMethodAccessorImpl.java:57)
	at sun.reflect.DelegatingMethodAccessorImpl.invoke(DelegatingMethodAccessorImpl.java:43)
	at java.lang.reflect.Method.invoke(Method.java:606)
	at org.junit.runners.model.FrameworkMethod$1.runReflectiveCall(FrameworkMethod.java:44)
	at org.junit.internal.runners.model.ReflectiveCallable.run(ReflectiveCallable.java:15)
	at org.junit.runners.model.FrameworkMethod.invokeExplosively(FrameworkMethod.java:41)
	at org.junit.internal.runners.statements.InvokeMethod.evaluate(InvokeMethod.java:20)
	at org.junit.internal.runners.statements.RunBefores.evaluate(RunBefores.java:28)
	at org.junit.runners.BlockJUnit4ClassRunner.runChild(BlockJUnit4ClassRunner.java:76)
	at org.junit.runners.BlockJUnit4ClassRunner.runChild(BlockJUnit4ClassRunner.java:50)
	at org.junit.runners.ParentRunner$3.run(ParentRunner.java:193)
	at org.junit.runners.ParentRunner$1.schedule(ParentRunner.java:52)
	at org.junit.runners.ParentRunner.runChildren(ParentRunner.java:191)
	at org.junit.runners.ParentRunner.access$000(ParentRunner.java:42)
	at org.junit.runners.ParentRunner$2.evaluate(ParentRunner.java:184)
	at org.junit.runners.ParentRunner.run(ParentRunner.java:236)
	at org.apache.maven.surefire.junit4.JUnit4Provider.execute(JUnit4Provider.java:252)
	at org.apache.maven.surefire.junit4.JUnit4Provider.executeTestSet(JUnit4Provider.java:141)
	at org.apache.maven.surefire.junit4.JUnit4Provider.invoke(JUnit4Provider.java:112)
	at sun.reflect.NativeMethodAccessorImpl.invoke0(Native Method)
	at sun.reflect.NativeMethodAccessorImpl.invoke(NativeMethodAccessorImpl.java:57)
	at sun.reflect.DelegatingMethodAccessorImpl.invoke(DelegatingMethodAccessorImpl.java:43)
	at java.lang.reflect.Method.invoke(Method.java:606)
	at org.apache.maven.surefire.util.ReflectionUtils.invokeMethodWithArray(ReflectionUtils.java:189)
	at org.apache.maven.surefire.booter.ProviderFactory$ProviderProxy.invoke(ProviderFactory.java:165)
	at org.apache.maven.surefire.booter.ProviderFactory.invokeProvider(ProviderFactory.java:85)
	at org.apache.maven.surefire.booter.ForkedBooter.runSuitesInProcess(ForkedBooter.java:115)
	at org.apache.maven.surefire.booter.ForkedBooter.main(ForkedBooter.java:75)
Caused by: java.io.IOException: Stream closed
	at java.io.BufferedInputStream.getInIfOpen(BufferedInputStream.java:151)
	at java.io.BufferedInputStream.read1(BufferedInputStream.java:273)
	at java.io.BufferedInputStream.read(BufferedInputStream.java:334)
	at java.io.FilterInputStream.read(FilterInputStream.java:107)
	at com.lendingclub.http.Http.readResponse(Http.java:16)
	at com.lendingclub.http.Http.send(Http.java:63)
	... 32 more
</error>
    <system-out>Bad response code: 401 on request:
POST https://api.lendingclub.com/api/investor/v1/accounts/null/funds/withdraw
Accept: application/json
Content-Type: application/json

{&quot;amount&quot;:1,&quot;transferFrequency&quot;:&quot;LOAD_BIWEEKLY&quot;,&quot;startDate&quot;:1438145096726,&quot;endDate&quot;:1439873096726,&quot;estimatedFundsTransferDate&quot;:1439873096726}

</system-out>
  </testcase>
  <testcase time="0.029" classname="com.lendingclub.rest.LendingClubRestIntegrationTest" name="pendingTransfer">
    <error message="java.io.IOException: Stream closed" type="java.lang.RuntimeException">java.lang.RuntimeException: java.io.IOException: Stream closed
	at com.lendingclub.http.Http.send(Http.java:70)
	at com.lendingclub.rest.LendingClubApi.apiRequest(LendingClubApi.java:173)
	at com.lendingclub.rest.LendingClubApi.getPendingTransfers(LendingClubApi.java:64)
	at com.lendingclub.rest.LendingClubRestIntegrationTest.pendingTransfer(LendingClubRestIntegrationTest.java:233)
	at sun.reflect.NativeMethodAccessorImpl.invoke0(Native Method)
	at sun.reflect.NativeMethodAccessorImpl.invoke(NativeMethodAccessorImpl.java:57)
	at sun.reflect.DelegatingMethodAccessorImpl.invoke(DelegatingMethodAccessorImpl.java:43)
	at java.lang.reflect.Method.invoke(Method.java:606)
	at org.junit.runners.model.FrameworkMethod$1.runReflectiveCall(FrameworkMethod.java:44)
	at org.junit.internal.runners.model.ReflectiveCallable.run(ReflectiveCallable.java:15)
	at org.junit.runners.model.FrameworkMethod.invokeExplosively(FrameworkMethod.java:41)
	at org.junit.internal.runners.statements.InvokeMethod.evaluate(InvokeMethod.java:20)
	at org.junit.internal.runners.statements.RunBefores.evaluate(RunBefores.java:28)
	at org.junit.runners.BlockJUnit4ClassRunner.runChild(BlockJUnit4ClassRunner.java:76)
	at org.junit.runners.BlockJUnit4ClassRunner.runChild(BlockJUnit4ClassRunner.java:50)
	at org.junit.runners.ParentRunner$3.run(ParentRunner.java:193)
	at org.junit.runners.ParentRunner$1.schedule(ParentRunner.java:52)
	at org.junit.runners.ParentRunner.runChildren(ParentRunner.java:191)
	at org.junit.runners.ParentRunner.access$000(ParentRunner.java:42)
	at org.junit.runners.ParentRunner$2.evaluate(ParentRunner.java:184)
	at org.junit.runners.ParentRunner.run(ParentRunner.java:236)
	at org.apache.maven.surefire.junit4.JUnit4Provider.execute(JUnit4Provider.java:252)
	at org.apache.maven.surefire.junit4.JUnit4Provider.executeTestSet(JUnit4Provider.java:141)
	at org.apache.maven.surefire.junit4.JUnit4Provider.invoke(JUnit4Provider.java:112)
	at sun.reflect.NativeMethodAccessorImpl.invoke0(Native Method)
	at sun.reflect.NativeMethodAccessorImpl.invoke(NativeMethodAccessorImpl.java:57)
	at sun.reflect.DelegatingMethodAccessorImpl.invoke(DelegatingMethodAccessorImpl.java:43)
	at java.lang.reflect.Method.invoke(Method.java:606)
	at org.apache.maven.surefire.util.ReflectionUtils.invokeMethodWithArray(ReflectionUtils.java:189)
	at org.apache.maven.surefire.booter.ProviderFactory$ProviderProxy.invoke(ProviderFactory.java:165)
	at org.apache.maven.surefire.booter.ProviderFactory.invokeProvider(ProviderFactory.java:85)
	at org.apache.maven.surefire.booter.ForkedBooter.runSuitesInProcess(ForkedBooter.java:115)
	at org.apache.maven.surefire.booter.ForkedBooter.main(ForkedBooter.java:75)
Caused by: java.io.IOException: Stream closed
	at java.io.BufferedInputStream.getInIfOpen(BufferedInputStream.java:151)
	at java.io.BufferedInputStream.read1(BufferedInputStream.java:273)
	at java.io.BufferedInputStream.read(BufferedInputStream.java:334)
	at java.io.FilterInputStream.read(FilterInputStream.java:107)
	at com.lendingclub.http.Http.readResponse(Http.java:16)
	at com.lendingclub.http.Http.send(Http.java:63)
	... 32 more
</error>
    <system-out>Bad response code: 401 on request:
GET https://api.lendingclub.com/api/investor/v1/accounts/null/funds/pending
Accept: application/json

</system-out>
  </testcase>
  <testcase time="0.048" classname="com.lendingclub.rest.LendingClubRestIntegrationTest" name="cancelTransfer">
    <error message="java.io.IOException: Stream closed" type="java.lang.RuntimeException">java.lang.RuntimeException: java.io.IOException: Stream closed
	at com.lendingclub.http.Http.send(Http.java:70)
	at com.lendingclub.rest.LendingClubApi.apiRequest(LendingClubApi.java:173)
	at com.lendingclub.rest.LendingClubApi.cancelTransfers(LendingClubApi.java:72)
	at com.lendingclub.rest.LendingClubRestIntegrationTest.cancelTransfer(LendingClubRestIntegrationTest.java:252)
	at sun.reflect.NativeMethodAccessorImpl.invoke0(Native Method)
	at sun.reflect.NativeMethodAccessorImpl.invoke(NativeMethodAccessorImpl.java:57)
	at sun.reflect.DelegatingMethodAccessorImpl.invoke(DelegatingMethodAccessorImpl.java:43)
	at java.lang.reflect.Method.invoke(Method.java:606)
	at org.junit.runners.model.FrameworkMethod$1.runReflectiveCall(FrameworkMethod.java:44)
	at org.junit.internal.runners.model.ReflectiveCallable.run(ReflectiveCallable.java:15)
	at org.junit.runners.model.FrameworkMethod.invokeExplosively(FrameworkMethod.java:41)
	at org.junit.internal.runners.statements.InvokeMethod.evaluate(InvokeMethod.java:20)
	at org.junit.internal.runners.statements.RunBefores.evaluate(RunBefores.java:28)
	at org.junit.runners.BlockJUnit4ClassRunner.runChild(BlockJUnit4ClassRunner.java:76)
	at org.junit.runners.BlockJUnit4ClassRunner.runChild(BlockJUnit4ClassRunner.java:50)
	at org.junit.runners.ParentRunner$3.run(ParentRunner.java:193)
	at org.junit.runners.ParentRunner$1.schedule(ParentRunner.java:52)
	at org.junit.runners.ParentRunner.runChildren(ParentRunner.java:191)
	at org.junit.runners.ParentRunner.access$000(ParentRunner.java:42)
	at org.junit.runners.ParentRunner$2.evaluate(ParentRunner.java:184)
	at org.junit.runners.ParentRunner.run(ParentRunner.java:236)
	at org.apache.maven.surefire.junit4.JUnit4Provider.execute(JUnit4Provider.java:252)
	at org.apache.maven.surefire.junit4.JUnit4Provider.executeTestSet(JUnit4Provider.java:141)
	at org.apache.maven.surefire.junit4.JUnit4Provider.invoke(JUnit4Provider.java:112)
	at sun.reflect.NativeMethodAccessorImpl.invoke0(Native Method)
	at sun.reflect.NativeMethodAccessorImpl.invoke(NativeMethodAccessorImpl.java:57)
	at sun.reflect.DelegatingMethodAccessorImpl.invoke(DelegatingMethodAccessorImpl.java:43)
	at java.lang.reflect.Method.invoke(Method.java:606)
	at org.apache.maven.surefire.util.ReflectionUtils.invokeMethodWithArray(ReflectionUtils.java:189)
	at org.apache.maven.surefire.booter.ProviderFactory$ProviderProxy.invoke(ProviderFactory.java:165)
	at org.apache.maven.surefire.booter.ProviderFactory.invokeProvider(ProviderFactory.java:85)
	at org.apache.maven.surefire.booter.ForkedBooter.runSuitesInProcess(ForkedBooter.java:115)
	at org.apache.maven.surefire.booter.ForkedBooter.main(ForkedBooter.java:75)
Caused by: java.io.IOException: Stream closed
	at java.io.BufferedInputStream.getInIfOpen(BufferedInputStream.java:151)
	at java.io.BufferedInputStream.read1(BufferedInputStream.java:273)
	at java.io.BufferedInputStream.read(BufferedInputStream.java:334)
	at java.io.FilterInputStream.read(FilterInputStream.java:107)
	at com.lendingclub.http.Http.readResponse(Http.java:16)
	at com.lendingclub.http.Http.send(Http.java:63)
	... 32 more
</error>
    <system-out>Bad response code: 401 on request:
POST https://api.lendingclub.com/api/investor/v1/accounts/null/funds/cancel
Accept: application/json
Content-Type: application/json

{&quot;transferIds&quot;:[1]}

</system-out>
  </testcase>
  <testcase time="0.038" classname="com.lendingclub.rest.LendingClubRestIntegrationTest" name="testGetAvailableCash">
    <error message="java.io.IOException: Stream closed" type="java.lang.RuntimeException">java.lang.RuntimeException: java.io.IOException: Stream closed
	at com.lendingclub.http.Http.send(Http.java:70)
	at com.lendingclub.rest.LendingClubApi.apiRequest(LendingClubApi.java:173)
	at com.lendingclub.rest.LendingClubApi.getAvailableCash(LendingClubApi.java:93)
	at com.lendingclub.rest.LendingClubRestIntegrationTest.testGetAvailableCash(LendingClubRestIntegrationTest.java:51)
	at sun.reflect.NativeMethodAccessorImpl.invoke0(Native Method)
	at sun.reflect.NativeMethodAccessorImpl.invoke(NativeMethodAccessorImpl.java:57)
	at sun.reflect.DelegatingMethodAccessorImpl.invoke(DelegatingMethodAccessorImpl.java:43)
	at java.lang.reflect.Method.invoke(Method.java:606)
	at org.junit.runners.model.FrameworkMethod$1.runReflectiveCall(FrameworkMethod.java:44)
	at org.junit.internal.runners.model.ReflectiveCallable.run(ReflectiveCallable.java:15)
	at org.junit.runners.model.FrameworkMethod.invokeExplosively(FrameworkMethod.java:41)
	at org.junit.internal.runners.statements.InvokeMethod.evaluate(InvokeMethod.java:20)
	at org.junit.internal.runners.statements.RunBefores.evaluate(RunBefores.java:28)
	at org.junit.runners.BlockJUnit4ClassRunner.runChild(BlockJUnit4ClassRunner.java:76)
	at org.junit.runners.BlockJUnit4ClassRunner.runChild(BlockJUnit4ClassRunner.java:50)
	at org.junit.runners.ParentRunner$3.run(ParentRunner.java:193)
	at org.junit.runners.ParentRunner$1.schedule(ParentRunner.java:52)
	at org.junit.runners.ParentRunner.runChildren(ParentRunner.java:191)
	at org.junit.runners.ParentRunner.access$000(ParentRunner.java:42)
	at org.junit.runners.ParentRunner$2.evaluate(ParentRunner.java:184)
	at org.junit.runners.ParentRunner.run(ParentRunner.java:236)
	at org.apache.maven.surefire.junit4.JUnit4Provider.execute(JUnit4Provider.java:252)
	at org.apache.maven.surefire.junit4.JUnit4Provider.executeTestSet(JUnit4Provider.java:141)
	at org.apache.maven.surefire.junit4.JUnit4Provider.invoke(JUnit4Provider.java:112)
	at sun.reflect.NativeMethodAccessorImpl.invoke0(Native Method)
	at sun.reflect.NativeMethodAccessorImpl.invoke(NativeMethodAccessorImpl.java:57)
	at sun.reflect.DelegatingMethodAccessorImpl.invoke(DelegatingMethodAccessorImpl.java:43)
	at java.lang.reflect.Method.invoke(Method.java:606)
	at org.apache.maven.surefire.util.ReflectionUtils.invokeMethodWithArray(ReflectionUtils.java:189)
	at org.apache.maven.surefire.booter.ProviderFactory$ProviderProxy.invoke(ProviderFactory.java:165)
	at org.apache.maven.surefire.booter.ProviderFactory.invokeProvider(ProviderFactory.java:85)
	at org.apache.maven.surefire.booter.ForkedBooter.runSuitesInProcess(ForkedBooter.java:115)
	at org.apache.maven.surefire.booter.ForkedBooter.main(ForkedBooter.java:75)
Caused by: java.io.IOException: Stream closed
	at java.io.BufferedInputStream.getInIfOpen(BufferedInputStream.java:151)
	at java.io.BufferedInputStream.read1(BufferedInputStream.java:273)
	at java.io.BufferedInputStream.read(BufferedInputStream.java:334)
	at java.io.FilterInputStream.read(FilterInputStream.java:107)
	at com.lendingclub.http.Http.readResponse(Http.java:16)
	at com.lendingclub.http.Http.send(Http.java:63)
	... 32 more
</error>
    <system-out>Bad response code: 401 on request:
GET https://api.lendingclub.com/api/investor/v1/accounts/null/availablecash
Accept: application/json

</system-out>
  </testcase>
  <testcase time="0.037" classname="com.lendingclub.rest.LendingClubRestIntegrationTest" name="testGetNotesOwned">
    <error message="java.io.IOException: Stream closed" type="java.lang.RuntimeException">java.lang.RuntimeException: java.io.IOException: Stream closed
	at com.lendingclub.http.Http.send(Http.java:70)
	at com.lendingclub.rest.LendingClubApi.apiRequest(LendingClubApi.java:173)
	at com.lendingclub.rest.LendingClubApi.getNotesOwned(LendingClubApi.java:100)
	at com.lendingclub.rest.LendingClubRestIntegrationTest.testGetNotesOwned(LendingClubRestIntegrationTest.java:58)
	at sun.reflect.NativeMethodAccessorImpl.invoke0(Native Method)
	at sun.reflect.NativeMethodAccessorImpl.invoke(NativeMethodAccessorImpl.java:57)
	at sun.reflect.DelegatingMethodAccessorImpl.invoke(DelegatingMethodAccessorImpl.java:43)
	at java.lang.reflect.Method.invoke(Method.java:606)
	at org.junit.runners.model.FrameworkMethod$1.runReflectiveCall(FrameworkMethod.java:44)
	at org.junit.internal.runners.model.ReflectiveCallable.run(ReflectiveCallable.java:15)
	at org.junit.runners.model.FrameworkMethod.invokeExplosively(FrameworkMethod.java:41)
	at org.junit.internal.runners.statements.InvokeMethod.evaluate(InvokeMethod.java:20)
	at org.junit.internal.runners.statements.RunBefores.evaluate(RunBefores.java:28)
	at org.junit.runners.BlockJUnit4ClassRunner.runChild(BlockJUnit4ClassRunner.java:76)
	at org.junit.runners.BlockJUnit4ClassRunner.runChild(BlockJUnit4ClassRunner.java:50)
	at org.junit.runners.ParentRunner$3.run(ParentRunner.java:193)
	at org.junit.runners.ParentRunner$1.schedule(ParentRunner.java:52)
	at org.junit.runners.ParentRunner.runChildren(ParentRunner.java:191)
	at org.junit.runners.ParentRunner.access$000(ParentRunner.java:42)
	at org.junit.runners.ParentRunner$2.evaluate(ParentRunner.java:184)
	at org.junit.runners.ParentRunner.run(ParentRunner.java:236)
	at org.apache.maven.surefire.junit4.JUnit4Provider.execute(JUnit4Provider.java:252)
	at org.apache.maven.surefire.junit4.JUnit4Provider.executeTestSet(JUnit4Provider.java:141)
	at org.apache.maven.surefire.junit4.JUnit4Provider.invoke(JUnit4Provider.java:112)
	at sun.reflect.NativeMethodAccessorImpl.invoke0(Native Method)
	at sun.reflect.NativeMethodAccessorImpl.invoke(NativeMethodAccessorImpl.java:57)
	at sun.reflect.DelegatingMethodAccessorImpl.invoke(DelegatingMethodAccessorImpl.java:43)
	at java.lang.reflect.Method.invoke(Method.java:606)
	at org.apache.maven.surefire.util.ReflectionUtils.invokeMethodWithArray(ReflectionUtils.java:189)
	at org.apache.maven.surefire.booter.ProviderFactory$ProviderProxy.invoke(ProviderFactory.java:165)
	at org.apache.maven.surefire.booter.ProviderFactory.invokeProvider(ProviderFactory.java:85)
	at org.apache.maven.surefire.booter.ForkedBooter.runSuitesInProcess(ForkedBooter.java:115)
	at org.apache.maven.surefire.booter.ForkedBooter.main(ForkedBooter.java:75)
Caused by: java.io.IOException: Stream closed
	at java.io.BufferedInputStream.getInIfOpen(BufferedInputStream.java:151)
	at java.io.BufferedInputStream.read1(BufferedInputStream.java:273)
	at java.io.BufferedInputStream.read(BufferedInputStream.java:334)
	at java.io.FilterInputStream.read(FilterInputStream.java:107)
	at com.lendingclub.http.Http.readResponse(Http.java:16)
	at com.lendingclub.http.Http.send(Http.java:63)
	... 32 more
</error>
    <system-out>Bad response code: 401 on request:
GET https://api.lendingclub.com/api/investor/v1/accounts/null/notes
Accept: application/json

</system-out>
  </testcase>
  <testcase time="0.042" classname="com.lendingclub.rest.LendingClubRestIntegrationTest" name="testGetDetailedNotesOwned">
    <error message="java.io.IOException: Stream closed" type="java.lang.RuntimeException">java.lang.RuntimeException: java.io.IOException: Stream closed
	at com.lendingclub.http.Http.send(Http.java:70)
	at com.lendingclub.rest.LendingClubApi.apiRequest(LendingClubApi.java:173)
	at com.lendingclub.rest.LendingClubApi.getDetailedNotesOwned(LendingClubApi.java:107)
	at com.lendingclub.rest.LendingClubRestIntegrationTest.testGetDetailedNotesOwned(LendingClubRestIntegrationTest.java:79)
	at sun.reflect.NativeMethodAccessorImpl.invoke0(Native Method)
	at sun.reflect.NativeMethodAccessorImpl.invoke(NativeMethodAccessorImpl.java:57)
	at sun.reflect.DelegatingMethodAccessorImpl.invoke(DelegatingMethodAccessorImpl.java:43)
	at java.lang.reflect.Method.invoke(Method.java:606)
	at org.junit.runners.model.FrameworkMethod$1.runReflectiveCall(FrameworkMethod.java:44)
	at org.junit.internal.runners.model.ReflectiveCallable.run(ReflectiveCallable.java:15)
	at org.junit.runners.model.FrameworkMethod.invokeExplosively(FrameworkMethod.java:41)
	at org.junit.internal.runners.statements.InvokeMethod.evaluate(InvokeMethod.java:20)
	at org.junit.internal.runners.statements.RunBefores.evaluate(RunBefores.java:28)
	at org.junit.runners.BlockJUnit4ClassRunner.runChild(BlockJUnit4ClassRunner.java:76)
	at org.junit.runners.BlockJUnit4ClassRunner.runChild(BlockJUnit4ClassRunner.java:50)
	at org.junit.runners.ParentRunner$3.run(ParentRunner.java:193)
	at org.junit.runners.ParentRunner$1.schedule(ParentRunner.java:52)
	at org.junit.runners.ParentRunner.runChildren(ParentRunner.java:191)
	at org.junit.runners.ParentRunner.access$000(ParentRunner.java:42)
	at org.junit.runners.ParentRunner$2.evaluate(ParentRunner.java:184)
	at org.junit.runners.ParentRunner.run(ParentRunner.java:236)
	at org.apache.maven.surefire.junit4.JUnit4Provider.execute(JUnit4Provider.java:252)
	at org.apache.maven.surefire.junit4.JUnit4Provider.executeTestSet(JUnit4Provider.java:141)
	at org.apache.maven.surefire.junit4.JUnit4Provider.invoke(JUnit4Provider.java:112)
	at sun.reflect.NativeMethodAccessorImpl.invoke0(Native Method)
	at sun.reflect.NativeMethodAccessorImpl.invoke(NativeMethodAccessorImpl.java:57)
	at sun.reflect.DelegatingMethodAccessorImpl.invoke(DelegatingMethodAccessorImpl.java:43)
	at java.lang.reflect.Method.invoke(Method.java:606)
	at org.apache.maven.surefire.util.ReflectionUtils.invokeMethodWithArray(ReflectionUtils.java:189)
	at org.apache.maven.surefire.booter.ProviderFactory$ProviderProxy.invoke(ProviderFactory.java:165)
	at org.apache.maven.surefire.booter.ProviderFactory.invokeProvider(ProviderFactory.java:85)
	at org.apache.maven.surefire.booter.ForkedBooter.runSuitesInProcess(ForkedBooter.java:115)
	at org.apache.maven.surefire.booter.ForkedBooter.main(ForkedBooter.java:75)
Caused by: java.io.IOException: Stream closed
	at java.io.BufferedInputStream.getInIfOpen(BufferedInputStream.java:151)
	at java.io.BufferedInputStream.read1(BufferedInputStream.java:273)
	at java.io.BufferedInputStream.read(BufferedInputStream.java:334)
	at java.io.FilterInputStream.read(FilterInputStream.java:107)
	at com.lendingclub.http.Http.readResponse(Http.java:16)
	at com.lendingclub.http.Http.send(Http.java:63)
	... 32 more
</error>
    <system-out>Bad response code: 401 on request:
GET https://api.lendingclub.com/api/investor/v1/accounts/null/detailednotes
Accept: application/json

</system-out>
  </testcase>
</testsuite>